[debug] [2020-12-03T09:49:33.138Z] ----------------------------------------------------------------------
[debug] [2020-12-03T09:49:33.138Z] Command:       C:\Program Files\nodejs\node.exe C:\Users\sandy\AppData\Roaming\npm\node_modules\firebase-tools\lib\bin\firebase.js emulators:start
[debug] [2020-12-03T09:49:33.154Z] CLI Version:   8.16.2
[debug] [2020-12-03T09:49:33.154Z] Platform:      win32
[debug] [2020-12-03T09:49:33.154Z] Node Version:  v12.16.1
[debug] [2020-12-03T09:49:33.270Z] Time:          Thu Dec 03 2020 15:19:33 GMT+0530 (India Standard Time)
[debug] [2020-12-03T09:49:33.270Z] ----------------------------------------------------------------------
[debug] [2020-12-03T09:49:33.270Z] 
[debug] [2020-12-03T09:49:33.420Z] > command requires scopes: ["email","openid","https://www.googleapis.com/auth/cloudplatformprojects.readonly","https://www.googleapis.com/auth/firebase","https://www.googleapis.com/auth/cloud-platform"]
[debug] [2020-12-03T09:49:33.420Z] > authorizing via signed-in user
[info] i  emulators: Starting emulators: functions {"metadata":{"emulator":{"name":"hub"},"message":"Starting emulators: functions"}}
[warn] !  emulators: It seems that you are running multiple instances of the emulator suite for project ins2-896a2. This may result in unexpected behavior. 
[debug] [2020-12-03T09:49:35.724Z] [hub] writing locator at C:\Users\sandy\AppData\Local\Temp\hub-ins2-896a2.json
[warn] !  functions: The following emulators are not running, calls to these services from the Functions emulator will affect production: auth, firestore, database, hosting, pubsub {"metadata":{"emulator":{"name":"functions"},"message":"The following emulators are not running, calls to these services from the Functions emulator will affect production: \u001b[1mauth, firestore, database, hosting, pubsub\u001b[22m"}}
[info] +  functions: Using node@12 from host. {"metadata":{"emulator":{"name":"functions"},"message":"Using node@12 from host."}}
[debug] [2020-12-03T09:49:38.131Z] defaultcredentials: writing to file C:\Users\sandy\AppData\Roaming\firebase\sandeepisthename007_gmail_com_application_default_credentials.json
[debug] [2020-12-03T09:49:38.143Z] Setting GAC to C:\Users\sandy\AppData\Roaming\firebase\sandeepisthename007_gmail_com_application_default_credentials.json {"metadata":{"emulator":{"name":"functions"},"message":"Setting GAC to C:\\Users\\sandy\\AppData\\Roaming\\firebase\\sandeepisthename007_gmail_com_application_default_credentials.json"}}
[debug] [2020-12-03T09:49:42.250Z] Ignoring unsupported arg: auto_download {"metadata":{"emulator":{"name":"ui"},"message":"Ignoring unsupported arg: auto_download"}}
[debug] [2020-12-03T09:49:42.254Z] Ignoring unsupported arg: port {"metadata":{"emulator":{"name":"ui"},"message":"Ignoring unsupported arg: port"}}
[debug] [2020-12-03T09:49:42.254Z] Starting Emulator UI with command {"binary":"node","args":["C:\\Users\\sandy\\.cache\\firebase\\emulators\\ui-v1.2.2\\server.bundle.js"],"optionalArgs":[],"joinArgs":false} {"metadata":{"emulator":{"name":"ui"},"message":"Starting Emulator UI with command {\"binary\":\"node\",\"args\":[\"C:\\\\Users\\\\sandy\\\\.cache\\\\firebase\\\\emulators\\\\ui-v1.2.2\\\\server.bundle.js\"],\"optionalArgs\":[],\"joinArgs\":false}"}}
[info] i  ui: Emulator UI logging to ui-debug.log {"metadata":{"emulator":{"name":"ui"},"message":"Emulator UI logging to \u001b[1mui-debug.log\u001b[22m"}}
[debug] [2020-12-03T09:49:45.556Z] Web / API server started at http://localhost:4000
 {"metadata":{"emulator":{"name":"ui"},"message":"Web / API server started at http://localhost:4000\n"}}
[info] i  functions: Watching "F:\dev\osi-digi\functions" for Cloud Functions... {"metadata":{"emulator":{"name":"functions"},"message":"Watching \"F:\\dev\\osi-digi\\functions\" for Cloud Functions..."}}
[debug] [2020-12-03T09:49:45.858Z] [worker-pool] addWorker(~diagnostic~) {"metadata":{"emulator":{"name":"functions"},"message":"[worker-pool] addWorker(~diagnostic~)"}}
[debug] [2020-12-03T09:49:45.858Z] [worker-pool] Adding worker with key ~diagnostic~, total=1 {"metadata":{"emulator":{"name":"functions"},"message":"[worker-pool] Adding worker with key ~diagnostic~, total=1"}}
[debug] [2020-12-03T09:49:45.858Z] [worker-pool] submitWork(triggerId=) {"metadata":{"emulator":{"name":"functions"},"message":"[worker-pool] submitWork(triggerId=)"}}
[debug] [2020-12-03T09:49:45.858Z] [worker-~diagnostic~-b6af68b5-bd84-4e18-b851-c4333bbca26a]: Assigning socketPath: \\?\pipe\F:\dev\osi-digi\functions\7744 {"metadata":{"emulator":{"name":"functions"},"message":"[worker-~diagnostic~-b6af68b5-bd84-4e18-b851-c4333bbca26a]: Assigning socketPath: \\\\?\\pipe\\F:\\dev\\osi-digi\\functions\\7744"}}
[debug] [2020-12-03T09:49:45.858Z] [worker-~diagnostic~-b6af68b5-bd84-4e18-b851-c4333bbca26a]: BUSY {"metadata":{"emulator":{"name":"functions"},"message":"[worker-~diagnostic~-b6af68b5-bd84-4e18-b851-c4333bbca26a]: BUSY"}}
[debug] [2020-12-03T09:49:47.097Z] [runtime-status] [7744] Functions runtime initialized. {"cwd":"F:\\dev\\osi-digi\\functions","node_version":"12.16.1"} {"metadata":{"emulator":{"name":"functions"},"message":"[runtime-status] [7744] Functions runtime initialized. {\"cwd\":\"F:\\\\dev\\\\osi-digi\\\\functions\",\"node_version\":\"12.16.1\"}"}}
[debug] [2020-12-03T09:49:47.112Z] [runtime-status] [7744] Disabled runtime features: undefined {"metadata":{"emulator":{"name":"functions"},"message":"[runtime-status] [7744] Disabled runtime features: undefined"}}
[debug] [2020-12-03T09:49:47.128Z] [runtime-status] [7744] Resolved module firebase-admin {"declared":true,"installed":true,"version":"9.4.1","resolution":"F:\\dev\\osi-digi\\functions\\node_modules\\firebase-admin\\lib\\index.js"} {"metadata":{"emulator":{"name":"functions"},"message":"[runtime-status] [7744] Resolved module firebase-admin {\"declared\":true,\"installed\":true,\"version\":\"9.4.1\",\"resolution\":\"F:\\\\dev\\\\osi-digi\\\\functions\\\\node_modules\\\\firebase-admin\\\\lib\\\\index.js\"}"}}
[debug] [2020-12-03T09:49:47.128Z] [runtime-status] [7744] Resolved module firebase-functions {"declared":true,"installed":true,"version":"3.12.0","resolution":"F:\\dev\\osi-digi\\functions\\node_modules\\firebase-functions\\lib\\index.js"} {"metadata":{"emulator":{"name":"functions"},"message":"[runtime-status] [7744] Resolved module firebase-functions {\"declared\":true,\"installed\":true,\"version\":\"3.12.0\",\"resolution\":\"F:\\\\dev\\\\osi-digi\\\\functions\\\\node_modules\\\\firebase-functions\\\\lib\\\\index.js\"}"}}
[debug] [2020-12-03T09:49:47.128Z] [runtime-status] [7744] Resolved module firebase-functions {"declared":true,"installed":true,"version":"3.12.0","resolution":"F:\\dev\\osi-digi\\functions\\node_modules\\firebase-functions\\lib\\index.js"} {"metadata":{"emulator":{"name":"functions"},"message":"[runtime-status] [7744] Resolved module firebase-functions {\"declared\":true,\"installed\":true,\"version\":\"3.12.0\",\"resolution\":\"F:\\\\dev\\\\osi-digi\\\\functions\\\\node_modules\\\\firebase-functions\\\\lib\\\\index.js\"}"}}
[debug] [2020-12-03T09:49:47.143Z] [runtime-status] [7744] Outgoing network have been stubbed. [{"name":"http","status":"mocked"},{"name":"http","status":"mocked"},{"name":"https","status":"mocked"},{"name":"https","status":"mocked"},{"name":"net","status":"mocked"}] {"metadata":{"emulator":{"name":"functions"},"message":"[runtime-status] [7744] Outgoing network have been stubbed. [{\"name\":\"http\",\"status\":\"mocked\"},{\"name\":\"http\",\"status\":\"mocked\"},{\"name\":\"https\",\"status\":\"mocked\"},{\"name\":\"https\",\"status\":\"mocked\"},{\"name\":\"net\",\"status\":\"mocked\"}]"}}
[debug] [2020-12-03T09:49:47.143Z] [runtime-status] [7744] Resolved module firebase-functions {"declared":true,"installed":true,"version":"3.12.0","resolution":"F:\\dev\\osi-digi\\functions\\node_modules\\firebase-functions\\lib\\index.js"} {"metadata":{"emulator":{"name":"functions"},"message":"[runtime-status] [7744] Resolved module firebase-functions {\"declared\":true,\"installed\":true,\"version\":\"3.12.0\",\"resolution\":\"F:\\\\dev\\\\osi-digi\\\\functions\\\\node_modules\\\\firebase-functions\\\\lib\\\\index.js\"}"}}
[debug] [2020-12-03T09:49:47.268Z] [runtime-status] [7744] Checked functions.config() {"config":{}} {"metadata":{"emulator":{"name":"functions"},"message":"[runtime-status] [7744] Checked functions.config() {\"config\":{}}"}}
[debug] [2020-12-03T09:49:47.268Z] [runtime-status] [7744] firebase-functions has been stubbed. {"functionsResolution":{"declared":true,"installed":true,"version":"3.12.0","resolution":"F:\\dev\\osi-digi\\functions\\node_modules\\firebase-functions\\lib\\index.js"}} {"metadata":{"emulator":{"name":"functions"},"message":"[runtime-status] [7744] firebase-functions has been stubbed. {\"functionsResolution\":{\"declared\":true,\"installed\":true,\"version\":\"3.12.0\",\"resolution\":\"F:\\\\dev\\\\osi-digi\\\\functions\\\\node_modules\\\\firebase-functions\\\\lib\\\\index.js\"}}"}}
[debug] [2020-12-03T09:49:47.268Z] [runtime-status] [7744] Resolved module firebase-functions {"declared":true,"installed":true,"version":"3.12.0","resolution":"F:\\dev\\osi-digi\\functions\\node_modules\\firebase-functions\\lib\\index.js"} {"metadata":{"emulator":{"name":"functions"},"message":"[runtime-status] [7744] Resolved module firebase-functions {\"declared\":true,\"installed\":true,\"version\":\"3.12.0\",\"resolution\":\"F:\\\\dev\\\\osi-digi\\\\functions\\\\node_modules\\\\firebase-functions\\\\lib\\\\index.js\"}"}}
[debug] [2020-12-03T09:49:47.268Z] [runtime-status] [7744] Resolved module firebase-admin {"declared":true,"installed":true,"version":"9.4.1","resolution":"F:\\dev\\osi-digi\\functions\\node_modules\\firebase-admin\\lib\\index.js"} {"metadata":{"emulator":{"name":"functions"},"message":"[runtime-status] [7744] Resolved module firebase-admin {\"declared\":true,\"installed\":true,\"version\":\"9.4.1\",\"resolution\":\"F:\\\\dev\\\\osi-digi\\\\functions\\\\node_modules\\\\firebase-admin\\\\lib\\\\index.js\"}"}}
[debug] [2020-12-03T09:49:47.268Z] [runtime-status] [7744] Resolved module firebase-functions {"declared":true,"installed":true,"version":"3.12.0","resolution":"F:\\dev\\osi-digi\\functions\\node_modules\\firebase-functions\\lib\\index.js"} {"metadata":{"emulator":{"name":"functions"},"message":"[runtime-status] [7744] Resolved module firebase-functions {\"declared\":true,\"installed\":true,\"version\":\"3.12.0\",\"resolution\":\"F:\\\\dev\\\\osi-digi\\\\functions\\\\node_modules\\\\firebase-functions\\\\lib\\\\index.js\"}"}}
[debug] [2020-12-03T09:49:47.268Z] [runtime-status] [7744] firebase-admin has been stubbed. {"adminResolution":{"declared":true,"installed":true,"version":"9.4.1","resolution":"F:\\dev\\osi-digi\\functions\\node_modules\\firebase-admin\\lib\\index.js"}} {"metadata":{"emulator":{"name":"functions"},"message":"[runtime-status] [7744] firebase-admin has been stubbed. {\"adminResolution\":{\"declared\":true,\"installed\":true,\"version\":\"9.4.1\",\"resolution\":\"F:\\\\dev\\\\osi-digi\\\\functions\\\\node_modules\\\\firebase-admin\\\\lib\\\\index.js\"}}"}}
[info] +  functions[api]: http function initialized (http://localhost:5001/ins2-896a2/us-central1/api). {"metadata":{"emulator":{"name":"functions"},"message":"\u001b[1mhttp\u001b[22m function initialized (http://localhost:5001/ins2-896a2/us-central1/api)."}}
[info] 
┌────────────────────────────────────────────────────────────────┐
│ ✔  All emulators ready! View status and logs at localhost:4000 │
└────────────────────────────────────────────────────────────────┘

┌───────────┬────────────────┬──────────────────────────┐
│ Emulator  │ Host:Port      │ View in Emulator UI      │
├───────────┼────────────────┼──────────────────────────┤
│ Functions │ localhost:5001 │ localhost:4000/functions │
└───────────┴────────────────┴──────────────────────────┘
  Other reserved ports: 4400, 4500

Issues? Report them at https://github.com/firebase/firebase-tools/issues and attach the *-debug.log files.
 
[debug] [2020-12-03T09:49:48.396Z] [worker-~diagnostic~-b6af68b5-bd84-4e18-b851-c4333bbca26a]: IDLE {"metadata":{"emulator":{"name":"functions"},"message":"[worker-~diagnostic~-b6af68b5-bd84-4e18-b851-c4333bbca26a]: IDLE"}}
[debug] [2020-12-03T09:50:22.119Z] [work-queue] {"queueLength":1,"workRunningCount":0}
[debug] [2020-12-03T09:50:22.119Z] [work-queue] {"queueLength":0,"workRunningCount":1}
[debug] [2020-12-03T09:50:22.119Z] Accepted request POST /ins2-896a2/us-central1/api/payments/create?total=0 --> api
[debug] [2020-12-03T09:50:22.143Z] [worker-pool] addWorker(api) {"metadata":{"emulator":{"name":"functions"},"message":"[worker-pool] addWorker(api)"}}
[debug] [2020-12-03T09:50:22.143Z] [worker-pool] Adding worker with key api, total=1 {"metadata":{"emulator":{"name":"functions"},"message":"[worker-pool] Adding worker with key api, total=1"}}
[debug] [2020-12-03T09:50:22.143Z] [worker-pool] submitWork(triggerId=api) {"metadata":{"emulator":{"name":"functions"},"message":"[worker-pool] submitWork(triggerId=api)"}}
[debug] [2020-12-03T09:50:22.143Z] [worker-api-8bdbdb96-79a9-4575-acef-a9104dd3aa11]: Assigning socketPath: \\?\pipe\F:\dev\osi-digi\functions\9908 {"metadata":{"emulator":{"name":"functions"},"message":"[worker-api-8bdbdb96-79a9-4575-acef-a9104dd3aa11]: Assigning socketPath: \\\\?\\pipe\\F:\\dev\\osi-digi\\functions\\9908"}}
[debug] [2020-12-03T09:50:22.143Z] [worker-api-8bdbdb96-79a9-4575-acef-a9104dd3aa11]: BUSY {"metadata":{"emulator":{"name":"functions"},"message":"[worker-api-8bdbdb96-79a9-4575-acef-a9104dd3aa11]: BUSY"}}
[debug] [2020-12-03T09:50:38.982Z] [runtime-status] [9908] Functions runtime initialized. {"cwd":"F:\\dev\\osi-digi\\functions","node_version":"12.16.1"} {"metadata":{"emulator":{"name":"functions"},"function":{"name":"api"},"message":"[runtime-status] [9908] Functions runtime initialized. {\"cwd\":\"F:\\\\dev\\\\osi-digi\\\\functions\",\"node_version\":\"12.16.1\"}"}}
[debug] [2020-12-03T09:50:38.998Z] [runtime-status] [9908] Disabled runtime features: undefined {"metadata":{"emulator":{"name":"functions"},"function":{"name":"api"},"message":"[runtime-status] [9908] Disabled runtime features: undefined"}}
[debug] [2020-12-03T09:50:39.126Z] [runtime-status] [9908] Resolved module firebase-admin {"declared":true,"installed":true,"version":"9.4.1","resolution":"F:\\dev\\osi-digi\\functions\\node_modules\\firebase-admin\\lib\\index.js"} {"metadata":{"emulator":{"name":"functions"},"function":{"name":"api"},"message":"[runtime-status] [9908] Resolved module firebase-admin {\"declared\":true,\"installed\":true,\"version\":\"9.4.1\",\"resolution\":\"F:\\\\dev\\\\osi-digi\\\\functions\\\\node_modules\\\\firebase-admin\\\\lib\\\\index.js\"}"}}
[debug] [2020-12-03T09:50:39.182Z] [runtime-status] [9908] Resolved module firebase-functions {"declared":true,"installed":true,"version":"3.12.0","resolution":"F:\\dev\\osi-digi\\functions\\node_modules\\firebase-functions\\lib\\index.js"} {"metadata":{"emulator":{"name":"functions"},"function":{"name":"api"},"message":"[runtime-status] [9908] Resolved module firebase-functions {\"declared\":true,\"installed\":true,\"version\":\"3.12.0\",\"resolution\":\"F:\\\\dev\\\\osi-digi\\\\functions\\\\node_modules\\\\firebase-functions\\\\lib\\\\index.js\"}"}}
[debug] [2020-12-03T09:50:39.190Z] [runtime-status] [9908] Resolved module firebase-functions {"declared":true,"installed":true,"version":"3.12.0","resolution":"F:\\dev\\osi-digi\\functions\\node_modules\\firebase-functions\\lib\\index.js"} {"metadata":{"emulator":{"name":"functions"},"function":{"name":"api"},"message":"[runtime-status] [9908] Resolved module firebase-functions {\"declared\":true,\"installed\":true,\"version\":\"3.12.0\",\"resolution\":\"F:\\\\dev\\\\osi-digi\\\\functions\\\\node_modules\\\\firebase-functions\\\\lib\\\\index.js\"}"}}
[debug] [2020-12-03T09:50:39.198Z] [runtime-status] [9908] Outgoing network have been stubbed. [{"name":"http","status":"mocked"},{"name":"http","status":"mocked"},{"name":"https","status":"mocked"},{"name":"https","status":"mocked"},{"name":"net","status":"mocked"}] {"metadata":{"emulator":{"name":"functions"},"function":{"name":"api"},"message":"[runtime-status] [9908] Outgoing network have been stubbed. [{\"name\":\"http\",\"status\":\"mocked\"},{\"name\":\"http\",\"status\":\"mocked\"},{\"name\":\"https\",\"status\":\"mocked\"},{\"name\":\"https\",\"status\":\"mocked\"},{\"name\":\"net\",\"status\":\"mocked\"}]"}}
[debug] [2020-12-03T09:50:39.206Z] [runtime-status] [9908] Resolved module firebase-functions {"declared":true,"installed":true,"version":"3.12.0","resolution":"F:\\dev\\osi-digi\\functions\\node_modules\\firebase-functions\\lib\\index.js"} {"metadata":{"emulator":{"name":"functions"},"function":{"name":"api"},"message":"[runtime-status] [9908] Resolved module firebase-functions {\"declared\":true,\"installed\":true,\"version\":\"3.12.0\",\"resolution\":\"F:\\\\dev\\\\osi-digi\\\\functions\\\\node_modules\\\\firebase-functions\\\\lib\\\\index.js\"}"}}
[debug] [2020-12-03T09:50:41.185Z] [runtime-status] [9908] Checked functions.config() {"config":{}} {"metadata":{"emulator":{"name":"functions"},"function":{"name":"api"},"message":"[runtime-status] [9908] Checked functions.config() {\"config\":{}}"}}
[debug] [2020-12-03T09:50:41.193Z] [runtime-status] [9908] firebase-functions has been stubbed. {"functionsResolution":{"declared":true,"installed":true,"version":"3.12.0","resolution":"F:\\dev\\osi-digi\\functions\\node_modules\\firebase-functions\\lib\\index.js"}} {"metadata":{"emulator":{"name":"functions"},"function":{"name":"api"},"message":"[runtime-status] [9908] firebase-functions has been stubbed. {\"functionsResolution\":{\"declared\":true,\"installed\":true,\"version\":\"3.12.0\",\"resolution\":\"F:\\\\dev\\\\osi-digi\\\\functions\\\\node_modules\\\\firebase-functions\\\\lib\\\\index.js\"}}"}}
[debug] [2020-12-03T09:50:41.201Z] [runtime-status] [9908] Resolved module firebase-functions {"declared":true,"installed":true,"version":"3.12.0","resolution":"F:\\dev\\osi-digi\\functions\\node_modules\\firebase-functions\\lib\\index.js"} {"metadata":{"emulator":{"name":"functions"},"function":{"name":"api"},"message":"[runtime-status] [9908] Resolved module firebase-functions {\"declared\":true,\"installed\":true,\"version\":\"3.12.0\",\"resolution\":\"F:\\\\dev\\\\osi-digi\\\\functions\\\\node_modules\\\\firebase-functions\\\\lib\\\\index.js\"}"}}
[debug] [2020-12-03T09:50:41.209Z] [runtime-status] [9908] Resolved module firebase-admin {"declared":true,"installed":true,"version":"9.4.1","resolution":"F:\\dev\\osi-digi\\functions\\node_modules\\firebase-admin\\lib\\index.js"} {"metadata":{"emulator":{"name":"functions"},"function":{"name":"api"},"message":"[runtime-status] [9908] Resolved module firebase-admin {\"declared\":true,\"installed\":true,\"version\":\"9.4.1\",\"resolution\":\"F:\\\\dev\\\\osi-digi\\\\functions\\\\node_modules\\\\firebase-admin\\\\lib\\\\index.js\"}"}}
[debug] [2020-12-03T09:50:41.217Z] [runtime-status] [9908] Resolved module firebase-functions {"declared":true,"installed":true,"version":"3.12.0","resolution":"F:\\dev\\osi-digi\\functions\\node_modules\\firebase-functions\\lib\\index.js"} {"metadata":{"emulator":{"name":"functions"},"function":{"name":"api"},"message":"[runtime-status] [9908] Resolved module firebase-functions {\"declared\":true,\"installed\":true,\"version\":\"3.12.0\",\"resolution\":\"F:\\\\dev\\\\osi-digi\\\\functions\\\\node_modules\\\\firebase-functions\\\\lib\\\\index.js\"}"}}
[debug] [2020-12-03T09:50:41.217Z] [runtime-status] [9908] firebase-admin has been stubbed. {"adminResolution":{"declared":true,"installed":true,"version":"9.4.1","resolution":"F:\\dev\\osi-digi\\functions\\node_modules\\firebase-admin\\lib\\index.js"}} {"metadata":{"emulator":{"name":"functions"},"function":{"name":"api"},"message":"[runtime-status] [9908] firebase-admin has been stubbed. {\"adminResolution\":{\"declared\":true,\"installed\":true,\"version\":\"9.4.1\",\"resolution\":\"F:\\\\dev\\\\osi-digi\\\\functions\\\\node_modules\\\\firebase-admin\\\\lib\\\\index.js\"}}"}}
[debug] [2020-12-03T09:50:45.003Z] [runtime-status] [9908] Trigger "api" has been found, beginning invocation! {"metadata":{"emulator":{"name":"functions"},"function":{"name":"api"},"message":"[runtime-status] [9908] Trigger \"api\" has been found, beginning invocation!"}}
[info] i  functions: Beginning execution of "api" {"metadata":{"emulator":{"name":"functions"},"function":{"name":"api"},"message":"Beginning execution of \"api\""}}
[debug] [2020-12-03T09:50:45.009Z] [runtime-status] [9908] triggerDefinition {"httpsTrigger":{},"name":"api","entryPoint":"api"} {"metadata":{"emulator":{"name":"functions"},"function":{"name":"api"},"message":"[runtime-status] [9908] triggerDefinition {\"httpsTrigger\":{},\"name\":\"api\",\"entryPoint\":\"api\"}"}}
[debug] [2020-12-03T09:50:45.013Z] [runtime-status] [9908] Running api in mode HTTPS {"metadata":{"emulator":{"name":"functions"},"function":{"name":"api"},"message":"[runtime-status] [9908] Running api in mode HTTPS"}}
[debug] [2020-12-03T09:50:45.037Z] [runtime-status] [9908] Attempting to listen to socketPath: \\?\pipe\F:\dev\osi-digi\functions\9908 {"metadata":{"emulator":{"name":"functions"},"function":{"name":"api"},"message":"[runtime-status] [9908] Attempting to listen to socketPath: \\\\?\\pipe\\F:\\dev\\osi-digi\\functions\\9908"}}
[debug] [2020-12-03T09:50:45.097Z] [functions] Runtime ready! Sending request! {"metadata":{"emulator":{"name":"functions"},"message":"[functions] Runtime ready! Sending request!"}}
[debug] [2020-12-03T09:50:45.149Z] [runtime-status] [9908] Ephemeral server handling POST request {"metadata":{"emulator":{"name":"functions"},"function":{"name":"api"},"message":"[runtime-status] [9908] Ephemeral server handling POST request"}}
[info] >  Payment request received for this amount>>>> 0 {"user":"Payment request received for this amount>>>> 0","metadata":{"emulator":{"name":"functions"},"function":{"name":"api"},"message":"\u001b[90m> \u001b[39m Payment request received for this amount>>>> 0"}}
[debug] [2020-12-03T09:50:45.275Z] [runtime-status] [9908] Ephemeral server survived. {"metadata":{"emulator":{"name":"functions"},"function":{"name":"api"},"message":"[runtime-status] [9908] Ephemeral server survived."}}
[info] >  (node:9908) UnhandledPromiseRejectionWarning: Error: This value must be greater than or equal to 1. {"user":"(node:9908) UnhandledPromiseRejectionWarning: Error: This value must be greater than or equal to 1.","metadata":{"emulator":{"name":"functions"},"function":{"name":"api"},"message":"\u001b[90m> \u001b[39m (node:9908) UnhandledPromiseRejectionWarning: Error: This value must be greater than or equal to 1."}}
[info] >      at Function.generate (F:\dev\osi-digi\functions\node_modules\stripe\lib\Error.js:40:16) {"user":"    at Function.generate (F:\\dev\\osi-digi\\functions\\node_modules\\stripe\\lib\\Error.js:40:16)","metadata":{"emulator":{"name":"functions"},"function":{"name":"api"},"message":"\u001b[90m> \u001b[39m     at Function.generate (F:\\dev\\osi-digi\\functions\\node_modules\\stripe\\lib\\Error.js:40:16)"}}
[info] >      at IncomingMessage.<anonymous> (F:\dev\osi-digi\functions\node_modules\stripe\lib\StripeResource.js:190:33) {"user":"    at IncomingMessage.<anonymous> (F:\\dev\\osi-digi\\functions\\node_modules\\stripe\\lib\\StripeResource.js:190:33)","metadata":{"emulator":{"name":"functions"},"function":{"name":"api"},"message":"\u001b[90m> \u001b[39m     at IncomingMessage.<anonymous> (F:\\dev\\osi-digi\\functions\\node_modules\\stripe\\lib\\StripeResource.js:190:33)"}}
[info] >      at Object.onceWrapper (events.js:417:28) {"user":"    at Object.onceWrapper (events.js:417:28)","metadata":{"emulator":{"name":"functions"},"function":{"name":"api"},"message":"\u001b[90m> \u001b[39m     at Object.onceWrapper (events.js:417:28)"}}
[info] >      at IncomingMessage.emit (events.js:323:22) {"user":"    at IncomingMessage.emit (events.js:323:22)","metadata":{"emulator":{"name":"functions"},"function":{"name":"api"},"message":"\u001b[90m> \u001b[39m     at IncomingMessage.emit (events.js:323:22)"}}
[info] >      at endReadableNT (_stream_readable.js:1204:12) {"user":"    at endReadableNT (_stream_readable.js:1204:12)","metadata":{"emulator":{"name":"functions"},"function":{"name":"api"},"message":"\u001b[90m> \u001b[39m     at endReadableNT (_stream_readable.js:1204:12)"}}
[info] >      at processTicksAndRejections (internal/process/task_queues.js:84:21) {"user":"    at processTicksAndRejections (internal/process/task_queues.js:84:21)","metadata":{"emulator":{"name":"functions"},"function":{"name":"api"},"message":"\u001b[90m> \u001b[39m     at processTicksAndRejections (internal/process/task_queues.js:84:21)"}}
[info] >  (node:9908) UnhandledPromiseRejectionWarning: Unhandled promise rejection. This error originated either by throwing inside of an async function without a catch block, or by rejecting a promise which was not handled with .catch(). To terminate the node process on unhandled promise rejection, use the CLI flag `--unhandled-rejections=strict` (see https://nodejs.org/api/cli.html#cli_unhandled_rejections_mode). (rejection id: 1) {"user":"(node:9908) UnhandledPromiseRejectionWarning: Unhandled promise rejection. This error originated either by throwing inside of an async function without a catch block, or by rejecting a promise which was not handled with .catch(). To terminate the node process on unhandled promise rejection, use the CLI flag `--unhandled-rejections=strict` (see https://nodejs.org/api/cli.html#cli_unhandled_rejections_mode). (rejection id: 1)","metadata":{"emulator":{"name":"functions"},"function":{"name":"api"},"message":"\u001b[90m> \u001b[39m (node:9908) UnhandledPromiseRejectionWarning: Unhandled promise rejection. This error originated either by throwing inside of an async function without a catch block, or by rejecting a promise which was not handled with .catch(). To terminate the node process on unhandled promise rejection, use the CLI flag `--unhandled-rejections=strict` (see https://nodejs.org/api/cli.html#cli_unhandled_rejections_mode). (rejection id: 1)"}}
[info] >  (node:9908) [DEP0018] DeprecationWarning: Unhandled promise rejections are deprecated. In the future, promise rejections that are not handled will terminate the Node.js process with a non-zero exit code. {"user":"(node:9908) [DEP0018] DeprecationWarning: Unhandled promise rejections are deprecated. In the future, promise rejections that are not handled will terminate the Node.js process with a non-zero exit code.","metadata":{"emulator":{"name":"functions"},"function":{"name":"api"},"message":"\u001b[90m> \u001b[39m (node:9908) [DEP0018] DeprecationWarning: Unhandled promise rejections are deprecated. In the future, promise rejections that are not handled will terminate the Node.js process with a non-zero exit code."}}
[debug] [2020-12-03T09:50:59.697Z] [work-queue] {"queueLength":1,"workRunningCount":1}
[debug] [2020-12-03T09:50:59.697Z] [work-queue] {"queueLength":0,"workRunningCount":2}
[debug] [2020-12-03T09:50:59.701Z] Accepted request POST /ins2-896a2/us-central1/api/payments/create?total=18700 --> api
[debug] [2020-12-03T09:50:59.737Z] [worker-pool] addWorker(api) {"metadata":{"emulator":{"name":"functions"},"message":"[worker-pool] addWorker(api)"}}
[debug] [2020-12-03T09:50:59.741Z] [worker-pool] Adding worker with key api, total=2 {"metadata":{"emulator":{"name":"functions"},"message":"[worker-pool] Adding worker with key api, total=2"}}
[debug] [2020-12-03T09:50:59.741Z] [worker-pool] submitWork(triggerId=api) {"metadata":{"emulator":{"name":"functions"},"message":"[worker-pool] submitWork(triggerId=api)"}}
[debug] [2020-12-03T09:50:59.745Z] [worker-api-129dcf7c-2d38-4a44-ac75-5f5fc4f7bdb1]: Assigning socketPath: \\?\pipe\F:\dev\osi-digi\functions\1284 {"metadata":{"emulator":{"name":"functions"},"message":"[worker-api-129dcf7c-2d38-4a44-ac75-5f5fc4f7bdb1]: Assigning socketPath: \\\\?\\pipe\\F:\\dev\\osi-digi\\functions\\1284"}}
[debug] [2020-12-03T09:50:59.745Z] [worker-api-129dcf7c-2d38-4a44-ac75-5f5fc4f7bdb1]: BUSY {"metadata":{"emulator":{"name":"functions"},"message":"[worker-api-129dcf7c-2d38-4a44-ac75-5f5fc4f7bdb1]: BUSY"}}
[debug] [2020-12-03T09:51:04.713Z] [runtime-status] [1284] Functions runtime initialized. {"cwd":"F:\\dev\\osi-digi\\functions","node_version":"12.16.1"} {"metadata":{"emulator":{"name":"functions"},"function":{"name":"api"},"message":"[runtime-status] [1284] Functions runtime initialized. {\"cwd\":\"F:\\\\dev\\\\osi-digi\\\\functions\",\"node_version\":\"12.16.1\"}"}}
[debug] [2020-12-03T09:51:04.729Z] [runtime-status] [1284] Disabled runtime features: undefined {"metadata":{"emulator":{"name":"functions"},"function":{"name":"api"},"message":"[runtime-status] [1284] Disabled runtime features: undefined"}}
[debug] [2020-12-03T09:51:04.753Z] [runtime-status] [1284] Resolved module firebase-admin {"declared":true,"installed":true,"version":"9.4.1","resolution":"F:\\dev\\osi-digi\\functions\\node_modules\\firebase-admin\\lib\\index.js"} {"metadata":{"emulator":{"name":"functions"},"function":{"name":"api"},"message":"[runtime-status] [1284] Resolved module firebase-admin {\"declared\":true,\"installed\":true,\"version\":\"9.4.1\",\"resolution\":\"F:\\\\dev\\\\osi-digi\\\\functions\\\\node_modules\\\\firebase-admin\\\\lib\\\\index.js\"}"}}
[debug] [2020-12-03T09:51:04.761Z] [runtime-status] [1284] Resolved module firebase-functions {"declared":true,"installed":true,"version":"3.12.0","resolution":"F:\\dev\\osi-digi\\functions\\node_modules\\firebase-functions\\lib\\index.js"} {"metadata":{"emulator":{"name":"functions"},"function":{"name":"api"},"message":"[runtime-status] [1284] Resolved module firebase-functions {\"declared\":true,\"installed\":true,\"version\":\"3.12.0\",\"resolution\":\"F:\\\\dev\\\\osi-digi\\\\functions\\\\node_modules\\\\firebase-functions\\\\lib\\\\index.js\"}"}}
[debug] [2020-12-03T09:51:04.761Z] [runtime-status] [1284] Resolved module firebase-functions {"declared":true,"installed":true,"version":"3.12.0","resolution":"F:\\dev\\osi-digi\\functions\\node_modules\\firebase-functions\\lib\\index.js"} {"metadata":{"emulator":{"name":"functions"},"function":{"name":"api"},"message":"[runtime-status] [1284] Resolved module firebase-functions {\"declared\":true,\"installed\":true,\"version\":\"3.12.0\",\"resolution\":\"F:\\\\dev\\\\osi-digi\\\\functions\\\\node_modules\\\\firebase-functions\\\\lib\\\\index.js\"}"}}
[debug] [2020-12-03T09:51:04.769Z] [runtime-status] [1284] Outgoing network have been stubbed. [{"name":"http","status":"mocked"},{"name":"http","status":"mocked"},{"name":"https","status":"mocked"},{"name":"https","status":"mocked"},{"name":"net","status":"mocked"}] {"metadata":{"emulator":{"name":"functions"},"function":{"name":"api"},"message":"[runtime-status] [1284] Outgoing network have been stubbed. [{\"name\":\"http\",\"status\":\"mocked\"},{\"name\":\"http\",\"status\":\"mocked\"},{\"name\":\"https\",\"status\":\"mocked\"},{\"name\":\"https\",\"status\":\"mocked\"},{\"name\":\"net\",\"status\":\"mocked\"}]"}}
[debug] [2020-12-03T09:51:04.769Z] [runtime-status] [1284] Resolved module firebase-functions {"declared":true,"installed":true,"version":"3.12.0","resolution":"F:\\dev\\osi-digi\\functions\\node_modules\\firebase-functions\\lib\\index.js"} {"metadata":{"emulator":{"name":"functions"},"function":{"name":"api"},"message":"[runtime-status] [1284] Resolved module firebase-functions {\"declared\":true,\"installed\":true,\"version\":\"3.12.0\",\"resolution\":\"F:\\\\dev\\\\osi-digi\\\\functions\\\\node_modules\\\\firebase-functions\\\\lib\\\\index.js\"}"}}
[debug] [2020-12-03T09:51:04.913Z] [runtime-status] [1284] Checked functions.config() {"config":{}} {"metadata":{"emulator":{"name":"functions"},"function":{"name":"api"},"message":"[runtime-status] [1284] Checked functions.config() {\"config\":{}}"}}
[debug] [2020-12-03T09:51:04.913Z] [runtime-status] [1284] firebase-functions has been stubbed. {"functionsResolution":{"declared":true,"installed":true,"version":"3.12.0","resolution":"F:\\dev\\osi-digi\\functions\\node_modules\\firebase-functions\\lib\\index.js"}} {"metadata":{"emulator":{"name":"functions"},"function":{"name":"api"},"message":"[runtime-status] [1284] firebase-functions has been stubbed. {\"functionsResolution\":{\"declared\":true,\"installed\":true,\"version\":\"3.12.0\",\"resolution\":\"F:\\\\dev\\\\osi-digi\\\\functions\\\\node_modules\\\\firebase-functions\\\\lib\\\\index.js\"}}"}}
[debug] [2020-12-03T09:51:04.921Z] [runtime-status] [1284] Resolved module firebase-functions {"declared":true,"installed":true,"version":"3.12.0","resolution":"F:\\dev\\osi-digi\\functions\\node_modules\\firebase-functions\\lib\\index.js"} {"metadata":{"emulator":{"name":"functions"},"function":{"name":"api"},"message":"[runtime-status] [1284] Resolved module firebase-functions {\"declared\":true,\"installed\":true,\"version\":\"3.12.0\",\"resolution\":\"F:\\\\dev\\\\osi-digi\\\\functions\\\\node_modules\\\\firebase-functions\\\\lib\\\\index.js\"}"}}
[debug] [2020-12-03T09:51:04.921Z] [runtime-status] [1284] Resolved module firebase-admin {"declared":true,"installed":true,"version":"9.4.1","resolution":"F:\\dev\\osi-digi\\functions\\node_modules\\firebase-admin\\lib\\index.js"} {"metadata":{"emulator":{"name":"functions"},"function":{"name":"api"},"message":"[runtime-status] [1284] Resolved module firebase-admin {\"declared\":true,\"installed\":true,\"version\":\"9.4.1\",\"resolution\":\"F:\\\\dev\\\\osi-digi\\\\functions\\\\node_modules\\\\firebase-admin\\\\lib\\\\index.js\"}"}}
[debug] [2020-12-03T09:51:04.921Z] [runtime-status] [1284] Resolved module firebase-functions {"declared":true,"installed":true,"version":"3.12.0","resolution":"F:\\dev\\osi-digi\\functions\\node_modules\\firebase-functions\\lib\\index.js"} {"metadata":{"emulator":{"name":"functions"},"function":{"name":"api"},"message":"[runtime-status] [1284] Resolved module firebase-functions {\"declared\":true,\"installed\":true,\"version\":\"3.12.0\",\"resolution\":\"F:\\\\dev\\\\osi-digi\\\\functions\\\\node_modules\\\\firebase-functions\\\\lib\\\\index.js\"}"}}
[debug] [2020-12-03T09:51:04.921Z] [runtime-status] [1284] firebase-admin has been stubbed. {"adminResolution":{"declared":true,"installed":true,"version":"9.4.1","resolution":"F:\\dev\\osi-digi\\functions\\node_modules\\firebase-admin\\lib\\index.js"}} {"metadata":{"emulator":{"name":"functions"},"function":{"name":"api"},"message":"[runtime-status] [1284] firebase-admin has been stubbed. {\"adminResolution\":{\"declared\":true,\"installed\":true,\"version\":\"9.4.1\",\"resolution\":\"F:\\\\dev\\\\osi-digi\\\\functions\\\\node_modules\\\\firebase-admin\\\\lib\\\\index.js\"}}"}}
[debug] [2020-12-03T09:51:05.545Z] [runtime-status] [1284] Trigger "api" has been found, beginning invocation! {"metadata":{"emulator":{"name":"functions"},"function":{"name":"api"},"message":"[runtime-status] [1284] Trigger \"api\" has been found, beginning invocation!"}}
[info] i  functions: Beginning execution of "api" {"metadata":{"emulator":{"name":"functions"},"function":{"name":"api"},"message":"Beginning execution of \"api\""}}
[debug] [2020-12-03T09:51:05.554Z] [runtime-status] [1284] triggerDefinition {"httpsTrigger":{},"name":"api","entryPoint":"api"} {"metadata":{"emulator":{"name":"functions"},"function":{"name":"api"},"message":"[runtime-status] [1284] triggerDefinition {\"httpsTrigger\":{},\"name\":\"api\",\"entryPoint\":\"api\"}"}}
[debug] [2020-12-03T09:51:05.554Z] [runtime-status] [1284] Running api in mode HTTPS {"metadata":{"emulator":{"name":"functions"},"function":{"name":"api"},"message":"[runtime-status] [1284] Running api in mode HTTPS"}}
[debug] [2020-12-03T09:51:05.566Z] [runtime-status] [1284] Attempting to listen to socketPath: \\?\pipe\F:\dev\osi-digi\functions\1284 {"metadata":{"emulator":{"name":"functions"},"function":{"name":"api"},"message":"[runtime-status] [1284] Attempting to listen to socketPath: \\\\?\\pipe\\F:\\dev\\osi-digi\\functions\\1284"}}
[debug] [2020-12-03T09:51:05.574Z] [functions] Runtime ready! Sending request! {"metadata":{"emulator":{"name":"functions"},"message":"[functions] Runtime ready! Sending request!"}}
[debug] [2020-12-03T09:51:05.606Z] [runtime-status] [1284] Ephemeral server handling POST request {"metadata":{"emulator":{"name":"functions"},"function":{"name":"api"},"message":"[runtime-status] [1284] Ephemeral server handling POST request"}}
[info] >  Payment request received for this amount>>>> 18700 {"user":"Payment request received for this amount>>>> 18700","metadata":{"emulator":{"name":"functions"},"function":{"name":"api"},"message":"\u001b[90m> \u001b[39m Payment request received for this amount>>>> 18700"}}
[debug] [2020-12-03T09:51:05.645Z] [runtime-status] [1284] Ephemeral server survived. {"metadata":{"emulator":{"name":"functions"},"function":{"name":"api"},"message":"[runtime-status] [1284] Ephemeral server survived."}}
[info] i  functions: Finished "api" in ~1s {"metadata":{"emulator":{"name":"functions"},"function":{"name":"api"},"message":"Finished \"api\" in ~1s"}}
[debug] [2020-12-03T09:51:06.663Z] [worker-api-129dcf7c-2d38-4a44-ac75-5f5fc4f7bdb1]: IDLE {"metadata":{"emulator":{"name":"functions"},"message":"[worker-api-129dcf7c-2d38-4a44-ac75-5f5fc4f7bdb1]: IDLE"}}
[debug] [2020-12-03T09:51:06.663Z] [work-queue] {"queueLength":0,"workRunningCount":1}
[debug] [2020-12-03T09:51:16.921Z] [work-queue] {"queueLength":1,"workRunningCount":1}
[debug] [2020-12-03T09:51:16.921Z] [work-queue] {"queueLength":0,"workRunningCount":2}
[debug] [2020-12-03T09:51:16.921Z] Accepted request POST /ins2-896a2/us-central1/api/payments/create?total=0 --> api
[debug] [2020-12-03T09:51:16.921Z] [worker-pool] submitWork(triggerId=api) {"metadata":{"emulator":{"name":"functions"},"message":"[worker-pool] submitWork(triggerId=api)"}}
[debug] [2020-12-03T09:51:16.921Z] [worker-api-129dcf7c-2d38-4a44-ac75-5f5fc4f7bdb1]: Assigning socketPath: \\?\pipe\F:\dev\osi-digi\functions\1284 {"metadata":{"emulator":{"name":"functions"},"message":"[worker-api-129dcf7c-2d38-4a44-ac75-5f5fc4f7bdb1]: Assigning socketPath: \\\\?\\pipe\\F:\\dev\\osi-digi\\functions\\1284"}}
[debug] [2020-12-03T09:51:16.921Z] [worker-api-129dcf7c-2d38-4a44-ac75-5f5fc4f7bdb1]: BUSY {"metadata":{"emulator":{"name":"functions"},"message":"[worker-api-129dcf7c-2d38-4a44-ac75-5f5fc4f7bdb1]: BUSY"}}
[debug] [2020-12-03T09:51:16.921Z] [runtime-status] [1284] Trigger "api" has been found, beginning invocation! {"metadata":{"emulator":{"name":"functions"},"function":{"name":"api"},"message":"[runtime-status] [1284] Trigger \"api\" has been found, beginning invocation!"}}
[info] i  functions: Beginning execution of "api" {"metadata":{"emulator":{"name":"functions"},"function":{"name":"api"},"message":"Beginning execution of \"api\""}}
[debug] [2020-12-03T09:51:16.932Z] [runtime-status] [1284] triggerDefinition {"httpsTrigger":{},"name":"api","entryPoint":"api"} {"metadata":{"emulator":{"name":"functions"},"function":{"name":"api"},"message":"[runtime-status] [1284] triggerDefinition {\"httpsTrigger\":{},\"name\":\"api\",\"entryPoint\":\"api\"}"}}
[debug] [2020-12-03T09:51:16.932Z] [runtime-status] [1284] Running api in mode HTTPS {"metadata":{"emulator":{"name":"functions"},"function":{"name":"api"},"message":"[runtime-status] [1284] Running api in mode HTTPS"}}
[debug] [2020-12-03T09:51:16.932Z] [runtime-status] [1284] Attempting to listen to socketPath: \\?\pipe\F:\dev\osi-digi\functions\1284 {"metadata":{"emulator":{"name":"functions"},"function":{"name":"api"},"message":"[runtime-status] [1284] Attempting to listen to socketPath: \\\\?\\pipe\\F:\\dev\\osi-digi\\functions\\1284"}}
[debug] [2020-12-03T09:51:16.936Z] [functions] Runtime ready! Sending request! {"metadata":{"emulator":{"name":"functions"},"message":"[functions] Runtime ready! Sending request!"}}
[debug] [2020-12-03T09:51:16.944Z] [runtime-status] [1284] Ephemeral server handling POST request {"metadata":{"emulator":{"name":"functions"},"function":{"name":"api"},"message":"[runtime-status] [1284] Ephemeral server handling POST request"}}
[info] >  Payment request received for this amount>>>> 0 {"user":"Payment request received for this amount>>>> 0","metadata":{"emulator":{"name":"functions"},"function":{"name":"api"},"message":"\u001b[90m> \u001b[39m Payment request received for this amount>>>> 0"}}
[debug] [2020-12-03T09:51:16.950Z] [runtime-status] [1284] Ephemeral server survived. {"metadata":{"emulator":{"name":"functions"},"function":{"name":"api"},"message":"[runtime-status] [1284] Ephemeral server survived."}}
[info] >  (node:1284) UnhandledPromiseRejectionWarning: Error: This value must be greater than or equal to 1. {"user":"(node:1284) UnhandledPromiseRejectionWarning: Error: This value must be greater than or equal to 1.","metadata":{"emulator":{"name":"functions"},"function":{"name":"api"},"message":"\u001b[90m> \u001b[39m (node:1284) UnhandledPromiseRejectionWarning: Error: This value must be greater than or equal to 1."}}
[info] >      at Function.generate (F:\dev\osi-digi\functions\node_modules\stripe\lib\Error.js:40:16) {"user":"    at Function.generate (F:\\dev\\osi-digi\\functions\\node_modules\\stripe\\lib\\Error.js:40:16)","metadata":{"emulator":{"name":"functions"},"function":{"name":"api"},"message":"\u001b[90m> \u001b[39m     at Function.generate (F:\\dev\\osi-digi\\functions\\node_modules\\stripe\\lib\\Error.js:40:16)"}}
[info] >      at IncomingMessage.<anonymous> (F:\dev\osi-digi\functions\node_modules\stripe\lib\StripeResource.js:190:33) {"user":"    at IncomingMessage.<anonymous> (F:\\dev\\osi-digi\\functions\\node_modules\\stripe\\lib\\StripeResource.js:190:33)","metadata":{"emulator":{"name":"functions"},"function":{"name":"api"},"message":"\u001b[90m> \u001b[39m     at IncomingMessage.<anonymous> (F:\\dev\\osi-digi\\functions\\node_modules\\stripe\\lib\\StripeResource.js:190:33)"}}
[info] >      at Object.onceWrapper (events.js:417:28) {"user":"    at Object.onceWrapper (events.js:417:28)","metadata":{"emulator":{"name":"functions"},"function":{"name":"api"},"message":"\u001b[90m> \u001b[39m     at Object.onceWrapper (events.js:417:28)"}}
[info] >      at IncomingMessage.emit (events.js:323:22) {"user":"    at IncomingMessage.emit (events.js:323:22)","metadata":{"emulator":{"name":"functions"},"function":{"name":"api"},"message":"\u001b[90m> \u001b[39m     at IncomingMessage.emit (events.js:323:22)"}}
[info] >      at endReadableNT (_stream_readable.js:1204:12) {"user":"    at endReadableNT (_stream_readable.js:1204:12)","metadata":{"emulator":{"name":"functions"},"function":{"name":"api"},"message":"\u001b[90m> \u001b[39m     at endReadableNT (_stream_readable.js:1204:12)"}}
[info] >      at processTicksAndRejections (internal/process/task_queues.js:84:21) {"user":"    at processTicksAndRejections (internal/process/task_queues.js:84:21)","metadata":{"emulator":{"name":"functions"},"function":{"name":"api"},"message":"\u001b[90m> \u001b[39m     at processTicksAndRejections (internal/process/task_queues.js:84:21)"}}
[info] >  (node:1284) UnhandledPromiseRejectionWarning: Unhandled promise rejection. This error originated either by throwing inside of an async function without a catch block, or by rejecting a promise which was not handled with .catch(). To terminate the node process on unhandled promise rejection, use the CLI flag `--unhandled-rejections=strict` (see https://nodejs.org/api/cli.html#cli_unhandled_rejections_mode). (rejection id: 1) {"user":"(node:1284) UnhandledPromiseRejectionWarning: Unhandled promise rejection. This error originated either by throwing inside of an async function without a catch block, or by rejecting a promise which was not handled with .catch(). To terminate the node process on unhandled promise rejection, use the CLI flag `--unhandled-rejections=strict` (see https://nodejs.org/api/cli.html#cli_unhandled_rejections_mode). (rejection id: 1)","metadata":{"emulator":{"name":"functions"},"function":{"name":"api"},"message":"\u001b[90m> \u001b[39m (node:1284) UnhandledPromiseRejectionWarning: Unhandled promise rejection. This error originated either by throwing inside of an async function without a catch block, or by rejecting a promise which was not handled with .catch(). To terminate the node process on unhandled promise rejection, use the CLI flag `--unhandled-rejections=strict` (see https://nodejs.org/api/cli.html#cli_unhandled_rejections_mode). (rejection id: 1)"}}
[info] >  (node:1284) [DEP0018] DeprecationWarning: Unhandled promise rejections are deprecated. In the future, promise rejections that are not handled will terminate the Node.js process with a non-zero exit code. {"user":"(node:1284) [DEP0018] DeprecationWarning: Unhandled promise rejections are deprecated. In the future, promise rejections that are not handled will terminate the Node.js process with a non-zero exit code.","metadata":{"emulator":{"name":"functions"},"function":{"name":"api"},"message":"\u001b[90m> \u001b[39m (node:1284) [DEP0018] DeprecationWarning: Unhandled promise rejections are deprecated. In the future, promise rejections that are not handled will terminate the Node.js process with a non-zero exit code."}}
[warn] !  functions: Your function timed out after ~60s. To configure this timeout, see
      https://firebase.google.com/docs/functions/manage-functions#set_timeout_and_memory_allocation. {"metadata":{"emulator":{"name":"functions"},"function":{"name":"api"},"message":"Your function timed out after ~60s. To configure this timeout, see\n      https://firebase.google.com/docs/functions/manage-functions#set_timeout_and_memory_allocation."}}
[info] >  C:\Users\sandy\AppData\Roaming\npm\node_modules\firebase-tools\lib\emulator\functionsEmulatorRuntime.js:668 {"user":"C:\\Users\\sandy\\AppData\\Roaming\\npm\\node_modules\\firebase-tools\\lib\\emulator\\functionsEmulatorRuntime.js:668\r","metadata":{"emulator":{"name":"functions"},"function":{"name":"api"},"message":"\u001b[90m> \u001b[39m C:\\Users\\sandy\\AppData\\Roaming\\npm\\node_modules\\firebase-tools\\lib\\emulator\\functionsEmulatorRuntime.js:668\r"}}
[info] >                  throw new Error("Function timed out."); {"user":"                throw new Error(\"Function timed out.\");\r","metadata":{"emulator":{"name":"functions"},"function":{"name":"api"},"message":"\u001b[90m> \u001b[39m                 throw new Error(\"Function timed out.\");\r"}}
[info] >                  ^ {"user":"                ^\r","metadata":{"emulator":{"name":"functions"},"function":{"name":"api"},"message":"\u001b[90m> \u001b[39m                 ^\r"}}
[info] >   {"user":"\r","metadata":{"emulator":{"name":"functions"},"function":{"name":"api"},"message":"\u001b[90m> \u001b[39m \r"}}
[info] >  Error: Function timed out. {"user":"Error: Function timed out.\r","metadata":{"emulator":{"name":"functions"},"function":{"name":"api"},"message":"\u001b[90m> \u001b[39m Error: Function timed out.\r"}}
[info] >      at Timeout._onTimeout (C:\Users\sandy\AppData\Roaming\npm\node_modules\firebase-tools\lib\emulator\functionsEmulatorRuntime.js:668:23) {"user":"    at Timeout._onTimeout (C:\\Users\\sandy\\AppData\\Roaming\\npm\\node_modules\\firebase-tools\\lib\\emulator\\functionsEmulatorRuntime.js:668:23)\r","metadata":{"emulator":{"name":"functions"},"function":{"name":"api"},"message":"\u001b[90m> \u001b[39m     at Timeout._onTimeout (C:\\Users\\sandy\\AppData\\Roaming\\npm\\node_modules\\firebase-tools\\lib\\emulator\\functionsEmulatorRuntime.js:668:23)\r"}}
[info] >      at listOnTimeout (internal/timers.js:549:17) {"user":"    at listOnTimeout (internal/timers.js:549:17)\r","metadata":{"emulator":{"name":"functions"},"function":{"name":"api"},"message":"\u001b[90m> \u001b[39m     at listOnTimeout (internal/timers.js:549:17)\r"}}
[info] >      at processTimers (internal/timers.js:492:7) {"user":"    at processTimers (internal/timers.js:492:7)\r","metadata":{"emulator":{"name":"functions"},"function":{"name":"api"},"message":"\u001b[90m> \u001b[39m     at processTimers (internal/timers.js:492:7)\r"}}
[debug] [2020-12-03T09:51:45.216Z] [worker-api-8bdbdb96-79a9-4575-acef-a9104dd3aa11]: exited {"metadata":{"emulator":{"name":"functions"},"message":"[worker-api-8bdbdb96-79a9-4575-acef-a9104dd3aa11]: exited"}}
[debug] [2020-12-03T09:51:45.216Z] [worker-api-8bdbdb96-79a9-4575-acef-a9104dd3aa11]: FINISHED {"metadata":{"emulator":{"name":"functions"},"message":"[worker-api-8bdbdb96-79a9-4575-acef-a9104dd3aa11]: FINISHED"}}
[debug] [2020-12-03T09:51:45.216Z] [work-queue] {"queueLength":0,"workRunningCount":1}
[warn] !  functions: Your function timed out after ~60s. To configure this timeout, see
      https://firebase.google.com/docs/functions/manage-functions#set_timeout_and_memory_allocation. {"metadata":{"emulator":{"name":"functions"},"function":{"name":"api"},"message":"Your function timed out after ~60s. To configure this timeout, see\n      https://firebase.google.com/docs/functions/manage-functions#set_timeout_and_memory_allocation."}}
[info] >  C:\Users\sandy\AppData\Roaming\npm\node_modules\firebase-tools\lib\emulator\functionsEmulatorRuntime.js:668 {"user":"C:\\Users\\sandy\\AppData\\Roaming\\npm\\node_modules\\firebase-tools\\lib\\emulator\\functionsEmulatorRuntime.js:668\r","metadata":{"emulator":{"name":"functions"},"function":{"name":"api"},"message":"\u001b[90m> \u001b[39m C:\\Users\\sandy\\AppData\\Roaming\\npm\\node_modules\\firebase-tools\\lib\\emulator\\functionsEmulatorRuntime.js:668\r"}}
[info] >                  throw new Error("Function timed out."); {"user":"                throw new Error(\"Function timed out.\");\r","metadata":{"emulator":{"name":"functions"},"function":{"name":"api"},"message":"\u001b[90m> \u001b[39m                 throw new Error(\"Function timed out.\");\r"}}
[info] >                  ^ {"user":"                ^\r","metadata":{"emulator":{"name":"functions"},"function":{"name":"api"},"message":"\u001b[90m> \u001b[39m                 ^\r"}}
[info] >   {"user":"\r","metadata":{"emulator":{"name":"functions"},"function":{"name":"api"},"message":"\u001b[90m> \u001b[39m \r"}}
[info] >  Error: Function timed out. {"user":"Error: Function timed out.\r","metadata":{"emulator":{"name":"functions"},"function":{"name":"api"},"message":"\u001b[90m> \u001b[39m Error: Function timed out.\r"}}
[info] >      at Timeout._onTimeout (C:\Users\sandy\AppData\Roaming\npm\node_modules\firebase-tools\lib\emulator\functionsEmulatorRuntime.js:668:23) {"user":"    at Timeout._onTimeout (C:\\Users\\sandy\\AppData\\Roaming\\npm\\node_modules\\firebase-tools\\lib\\emulator\\functionsEmulatorRuntime.js:668:23)\r","metadata":{"emulator":{"name":"functions"},"function":{"name":"api"},"message":"\u001b[90m> \u001b[39m     at Timeout._onTimeout (C:\\Users\\sandy\\AppData\\Roaming\\npm\\node_modules\\firebase-tools\\lib\\emulator\\functionsEmulatorRuntime.js:668:23)\r"}}
[info] >      at listOnTimeout (internal/timers.js:549:17) {"user":"    at listOnTimeout (internal/timers.js:549:17)\r","metadata":{"emulator":{"name":"functions"},"function":{"name":"api"},"message":"\u001b[90m> \u001b[39m     at listOnTimeout (internal/timers.js:549:17)\r"}}
[info] >      at processTimers (internal/timers.js:492:7) {"user":"    at processTimers (internal/timers.js:492:7)\r","metadata":{"emulator":{"name":"functions"},"function":{"name":"api"},"message":"\u001b[90m> \u001b[39m     at processTimers (internal/timers.js:492:7)\r"}}
[debug] [2020-12-03T09:52:17.073Z] [worker-api-129dcf7c-2d38-4a44-ac75-5f5fc4f7bdb1]: exited {"metadata":{"emulator":{"name":"functions"},"message":"[worker-api-129dcf7c-2d38-4a44-ac75-5f5fc4f7bdb1]: exited"}}
[debug] [2020-12-03T09:52:17.077Z] [worker-api-129dcf7c-2d38-4a44-ac75-5f5fc4f7bdb1]: FINISHED {"metadata":{"emulator":{"name":"functions"},"message":"[worker-api-129dcf7c-2d38-4a44-ac75-5f5fc4f7bdb1]: FINISHED"}}
[debug] [2020-12-03T09:52:17.077Z] [work-queue] {"queueLength":0,"workRunningCount":0}
