[debug] [2020-12-24T08:32:42.575Z] ----------------------------------------------------------------------
[debug] [2020-12-24T08:32:42.582Z] Command:       C:\Program Files\nodejs\node.exe C:\Users\sandy\AppData\Roaming\npm\node_modules\firebase-tools\lib\bin\firebase.js emulators:start
[debug] [2020-12-24T08:32:42.583Z] CLI Version:   8.16.2
[debug] [2020-12-24T08:32:42.583Z] Platform:      win32
[debug] [2020-12-24T08:32:42.583Z] Node Version:  v12.16.1
[debug] [2020-12-24T08:32:42.586Z] Time:          Thu Dec 24 2020 14:02:42 GMT+0530 (India Standard Time)
[debug] [2020-12-24T08:32:42.587Z] ----------------------------------------------------------------------
[debug] [2020-12-24T08:32:42.587Z] 
[debug] [2020-12-24T08:32:42.611Z] > command requires scopes: ["email","openid","https://www.googleapis.com/auth/cloudplatformprojects.readonly","https://www.googleapis.com/auth/firebase","https://www.googleapis.com/auth/cloud-platform"]
[debug] [2020-12-24T08:32:42.613Z] > authorizing via signed-in user
[info] i  emulators: Starting emulators: functions {"metadata":{"emulator":{"name":"hub"},"message":"Starting emulators: functions"}}
[debug] [2020-12-24T08:32:44.692Z] [hub] writing locator at C:\Users\sandy\AppData\Local\Temp\hub-ins2-896a2.json
[warn] !  functions: The following emulators are not running, calls to these services from the Functions emulator will affect production: auth, firestore, database, hosting, pubsub {"metadata":{"emulator":{"name":"functions"},"message":"The following emulators are not running, calls to these services from the Functions emulator will affect production: \u001b[1mauth, firestore, database, hosting, pubsub\u001b[22m"}}
[info] +  functions: Using node@12 from host. {"metadata":{"emulator":{"name":"functions"},"message":"Using node@12 from host."}}
[debug] [2020-12-24T08:32:46.901Z] defaultcredentials: writing to file C:\Users\sandy\AppData\Roaming\firebase\sandeepisthename007_gmail_com_application_default_credentials.json
[debug] [2020-12-24T08:32:46.912Z] Setting GAC to C:\Users\sandy\AppData\Roaming\firebase\sandeepisthename007_gmail_com_application_default_credentials.json {"metadata":{"emulator":{"name":"functions"},"message":"Setting GAC to C:\\Users\\sandy\\AppData\\Roaming\\firebase\\sandeepisthename007_gmail_com_application_default_credentials.json"}}
[warn] !  ui: Emulator UI unable to start on port 4000, starting on 4001 instead. {"metadata":{"emulator":{"name":"ui"},"message":"Emulator UI unable to start on port 4000, starting on 4001 instead."}}
[debug] [2020-12-24T08:32:49.144Z] Ignoring unsupported arg: auto_download {"metadata":{"emulator":{"name":"ui"},"message":"Ignoring unsupported arg: auto_download"}}
[debug] [2020-12-24T08:32:49.144Z] Ignoring unsupported arg: port {"metadata":{"emulator":{"name":"ui"},"message":"Ignoring unsupported arg: port"}}
[debug] [2020-12-24T08:32:49.145Z] Starting Emulator UI with command {"binary":"node","args":["C:\\Users\\sandy\\.cache\\firebase\\emulators\\ui-v1.2.2\\server.bundle.js"],"optionalArgs":[],"joinArgs":false} {"metadata":{"emulator":{"name":"ui"},"message":"Starting Emulator UI with command {\"binary\":\"node\",\"args\":[\"C:\\\\Users\\\\sandy\\\\.cache\\\\firebase\\\\emulators\\\\ui-v1.2.2\\\\server.bundle.js\"],\"optionalArgs\":[],\"joinArgs\":false}"}}
[info] i  ui: Emulator UI logging to ui-debug.log {"metadata":{"emulator":{"name":"ui"},"message":"Emulator UI logging to \u001b[1mui-debug.log\u001b[22m"}}
[debug] [2020-12-24T08:32:49.523Z] Web / API server started at http://localhost:4001
 {"metadata":{"emulator":{"name":"ui"},"message":"Web / API server started at http://localhost:4001\n"}}
[info] i  functions: Watching "F:\dev\osi-digi\functions" for Cloud Functions... {"metadata":{"emulator":{"name":"functions"},"message":"Watching \"F:\\dev\\osi-digi\\functions\" for Cloud Functions..."}}
[debug] [2020-12-24T08:32:49.749Z] [worker-pool] addWorker(~diagnostic~) {"metadata":{"emulator":{"name":"functions"},"message":"[worker-pool] addWorker(~diagnostic~)"}}
[debug] [2020-12-24T08:32:49.750Z] [worker-pool] Adding worker with key ~diagnostic~, total=1 {"metadata":{"emulator":{"name":"functions"},"message":"[worker-pool] Adding worker with key ~diagnostic~, total=1"}}
[debug] [2020-12-24T08:32:49.750Z] [worker-pool] submitWork(triggerId=) {"metadata":{"emulator":{"name":"functions"},"message":"[worker-pool] submitWork(triggerId=)"}}
[debug] [2020-12-24T08:32:49.752Z] [worker-~diagnostic~-c85be1cd-9e7d-47da-8334-9523d061117c]: Assigning socketPath: \\?\pipe\F:\dev\osi-digi\functions\5404 {"metadata":{"emulator":{"name":"functions"},"message":"[worker-~diagnostic~-c85be1cd-9e7d-47da-8334-9523d061117c]: Assigning socketPath: \\\\?\\pipe\\F:\\dev\\osi-digi\\functions\\5404"}}
[debug] [2020-12-24T08:32:49.753Z] [worker-~diagnostic~-c85be1cd-9e7d-47da-8334-9523d061117c]: BUSY {"metadata":{"emulator":{"name":"functions"},"message":"[worker-~diagnostic~-c85be1cd-9e7d-47da-8334-9523d061117c]: BUSY"}}
[debug] [2020-12-24T08:32:51.415Z] [runtime-status] [5404] Functions runtime initialized. {"cwd":"F:\\dev\\osi-digi\\functions","node_version":"12.16.1"} {"metadata":{"emulator":{"name":"functions"},"message":"[runtime-status] [5404] Functions runtime initialized. {\"cwd\":\"F:\\\\dev\\\\osi-digi\\\\functions\",\"node_version\":\"12.16.1\"}"}}
[debug] [2020-12-24T08:32:51.436Z] [runtime-status] [5404] Disabled runtime features: undefined {"metadata":{"emulator":{"name":"functions"},"message":"[runtime-status] [5404] Disabled runtime features: undefined"}}
[debug] [2020-12-24T08:32:51.460Z] [runtime-status] [5404] Resolved module firebase-admin {"declared":true,"installed":true,"version":"9.4.1","resolution":"F:\\dev\\osi-digi\\functions\\node_modules\\firebase-admin\\lib\\index.js"} {"metadata":{"emulator":{"name":"functions"},"message":"[runtime-status] [5404] Resolved module firebase-admin {\"declared\":true,\"installed\":true,\"version\":\"9.4.1\",\"resolution\":\"F:\\\\dev\\\\osi-digi\\\\functions\\\\node_modules\\\\firebase-admin\\\\lib\\\\index.js\"}"}}
[debug] [2020-12-24T08:32:51.465Z] [runtime-status] [5404] Resolved module firebase-functions {"declared":true,"installed":true,"version":"3.12.0","resolution":"F:\\dev\\osi-digi\\functions\\node_modules\\firebase-functions\\lib\\index.js"} {"metadata":{"emulator":{"name":"functions"},"message":"[runtime-status] [5404] Resolved module firebase-functions {\"declared\":true,\"installed\":true,\"version\":\"3.12.0\",\"resolution\":\"F:\\\\dev\\\\osi-digi\\\\functions\\\\node_modules\\\\firebase-functions\\\\lib\\\\index.js\"}"}}
[debug] [2020-12-24T08:32:51.469Z] [runtime-status] [5404] Resolved module firebase-functions {"declared":true,"installed":true,"version":"3.12.0","resolution":"F:\\dev\\osi-digi\\functions\\node_modules\\firebase-functions\\lib\\index.js"} {"metadata":{"emulator":{"name":"functions"},"message":"[runtime-status] [5404] Resolved module firebase-functions {\"declared\":true,\"installed\":true,\"version\":\"3.12.0\",\"resolution\":\"F:\\\\dev\\\\osi-digi\\\\functions\\\\node_modules\\\\firebase-functions\\\\lib\\\\index.js\"}"}}
[debug] [2020-12-24T08:32:51.475Z] [runtime-status] [5404] Outgoing network have been stubbed. [{"name":"http","status":"mocked"},{"name":"http","status":"mocked"},{"name":"https","status":"mocked"},{"name":"https","status":"mocked"},{"name":"net","status":"mocked"}] {"metadata":{"emulator":{"name":"functions"},"message":"[runtime-status] [5404] Outgoing network have been stubbed. [{\"name\":\"http\",\"status\":\"mocked\"},{\"name\":\"http\",\"status\":\"mocked\"},{\"name\":\"https\",\"status\":\"mocked\"},{\"name\":\"https\",\"status\":\"mocked\"},{\"name\":\"net\",\"status\":\"mocked\"}]"}}
[debug] [2020-12-24T08:32:51.478Z] [runtime-status] [5404] Resolved module firebase-functions {"declared":true,"installed":true,"version":"3.12.0","resolution":"F:\\dev\\osi-digi\\functions\\node_modules\\firebase-functions\\lib\\index.js"} {"metadata":{"emulator":{"name":"functions"},"message":"[runtime-status] [5404] Resolved module firebase-functions {\"declared\":true,\"installed\":true,\"version\":\"3.12.0\",\"resolution\":\"F:\\\\dev\\\\osi-digi\\\\functions\\\\node_modules\\\\firebase-functions\\\\lib\\\\index.js\"}"}}
[debug] [2020-12-24T08:32:51.619Z] [runtime-status] [5404] Checked functions.config() {"config":{}} {"metadata":{"emulator":{"name":"functions"},"message":"[runtime-status] [5404] Checked functions.config() {\"config\":{}}"}}
[debug] [2020-12-24T08:32:51.620Z] [runtime-status] [5404] firebase-functions has been stubbed. {"functionsResolution":{"declared":true,"installed":true,"version":"3.12.0","resolution":"F:\\dev\\osi-digi\\functions\\node_modules\\firebase-functions\\lib\\index.js"}} {"metadata":{"emulator":{"name":"functions"},"message":"[runtime-status] [5404] firebase-functions has been stubbed. {\"functionsResolution\":{\"declared\":true,\"installed\":true,\"version\":\"3.12.0\",\"resolution\":\"F:\\\\dev\\\\osi-digi\\\\functions\\\\node_modules\\\\firebase-functions\\\\lib\\\\index.js\"}}"}}
[debug] [2020-12-24T08:32:51.622Z] [runtime-status] [5404] Resolved module firebase-functions {"declared":true,"installed":true,"version":"3.12.0","resolution":"F:\\dev\\osi-digi\\functions\\node_modules\\firebase-functions\\lib\\index.js"} {"metadata":{"emulator":{"name":"functions"},"message":"[runtime-status] [5404] Resolved module firebase-functions {\"declared\":true,\"installed\":true,\"version\":\"3.12.0\",\"resolution\":\"F:\\\\dev\\\\osi-digi\\\\functions\\\\node_modules\\\\firebase-functions\\\\lib\\\\index.js\"}"}}
[debug] [2020-12-24T08:32:51.626Z] [runtime-status] [5404] Resolved module firebase-admin {"declared":true,"installed":true,"version":"9.4.1","resolution":"F:\\dev\\osi-digi\\functions\\node_modules\\firebase-admin\\lib\\index.js"} {"metadata":{"emulator":{"name":"functions"},"message":"[runtime-status] [5404] Resolved module firebase-admin {\"declared\":true,\"installed\":true,\"version\":\"9.4.1\",\"resolution\":\"F:\\\\dev\\\\osi-digi\\\\functions\\\\node_modules\\\\firebase-admin\\\\lib\\\\index.js\"}"}}
[debug] [2020-12-24T08:32:51.627Z] [runtime-status] [5404] Resolved module firebase-functions {"declared":true,"installed":true,"version":"3.12.0","resolution":"F:\\dev\\osi-digi\\functions\\node_modules\\firebase-functions\\lib\\index.js"} {"metadata":{"emulator":{"name":"functions"},"message":"[runtime-status] [5404] Resolved module firebase-functions {\"declared\":true,\"installed\":true,\"version\":\"3.12.0\",\"resolution\":\"F:\\\\dev\\\\osi-digi\\\\functions\\\\node_modules\\\\firebase-functions\\\\lib\\\\index.js\"}"}}
[debug] [2020-12-24T08:32:51.628Z] [runtime-status] [5404] firebase-admin has been stubbed. {"adminResolution":{"declared":true,"installed":true,"version":"9.4.1","resolution":"F:\\dev\\osi-digi\\functions\\node_modules\\firebase-admin\\lib\\index.js"}} {"metadata":{"emulator":{"name":"functions"},"message":"[runtime-status] [5404] firebase-admin has been stubbed. {\"adminResolution\":{\"declared\":true,\"installed\":true,\"version\":\"9.4.1\",\"resolution\":\"F:\\\\dev\\\\osi-digi\\\\functions\\\\node_modules\\\\firebase-admin\\\\lib\\\\index.js\"}}"}}
[info] +  functions[api]: http function initialized (http://localhost:5001/ins2-896a2/us-central1/api). {"metadata":{"emulator":{"name":"functions"},"message":"\u001b[1mhttp\u001b[22m function initialized (http://localhost:5001/ins2-896a2/us-central1/api)."}}
[info] 
┌────────────────────────────────────────────────────────────────┐
│ ✔  All emulators ready! View status and logs at localhost:4001 │
└────────────────────────────────────────────────────────────────┘

┌───────────┬────────────────┬──────────────────────────┐
│ Emulator  │ Host:Port      │ View in Emulator UI      │
├───────────┼────────────────┼──────────────────────────┤
│ Functions │ localhost:5001 │ localhost:4001/functions │
└───────────┴────────────────┴──────────────────────────┘
  Other reserved ports: 4400, 4500

Issues? Report them at https://github.com/firebase/firebase-tools/issues and attach the *-debug.log files.
 
[debug] [2020-12-24T08:32:52.352Z] [worker-~diagnostic~-c85be1cd-9e7d-47da-8334-9523d061117c]: IDLE {"metadata":{"emulator":{"name":"functions"},"message":"[worker-~diagnostic~-c85be1cd-9e7d-47da-8334-9523d061117c]: IDLE"}}
[debug] [2020-12-24T08:48:54.949Z] [work-queue] {"queueLength":1,"workRunningCount":0}
[debug] [2020-12-24T08:48:54.954Z] [work-queue] {"queueLength":0,"workRunningCount":1}
[debug] [2020-12-24T08:48:54.956Z] Accepted request POST /ins2-896a2/us-central1/api/payments/create?total=388900 --> api
[debug] [2020-12-24T08:48:55.003Z] [worker-pool] addWorker(api) {"metadata":{"emulator":{"name":"functions"},"message":"[worker-pool] addWorker(api)"}}
[debug] [2020-12-24T08:48:55.006Z] [worker-pool] Adding worker with key api, total=1 {"metadata":{"emulator":{"name":"functions"},"message":"[worker-pool] Adding worker with key api, total=1"}}
[debug] [2020-12-24T08:48:55.012Z] [worker-pool] submitWork(triggerId=api) {"metadata":{"emulator":{"name":"functions"},"message":"[worker-pool] submitWork(triggerId=api)"}}
[debug] [2020-12-24T08:48:55.014Z] [worker-api-5dc14063-74b9-4e81-b713-002ec2129b1d]: Assigning socketPath: \\?\pipe\F:\dev\osi-digi\functions\11172 {"metadata":{"emulator":{"name":"functions"},"message":"[worker-api-5dc14063-74b9-4e81-b713-002ec2129b1d]: Assigning socketPath: \\\\?\\pipe\\F:\\dev\\osi-digi\\functions\\11172"}}
[debug] [2020-12-24T08:48:55.015Z] [worker-api-5dc14063-74b9-4e81-b713-002ec2129b1d]: BUSY {"metadata":{"emulator":{"name":"functions"},"message":"[worker-api-5dc14063-74b9-4e81-b713-002ec2129b1d]: BUSY"}}
[debug] [2020-12-24T08:49:03.272Z] [runtime-status] [11172] Functions runtime initialized. {"cwd":"F:\\dev\\osi-digi\\functions","node_version":"12.16.1"} {"metadata":{"emulator":{"name":"functions"},"function":{"name":"api"},"message":"[runtime-status] [11172] Functions runtime initialized. {\"cwd\":\"F:\\\\dev\\\\osi-digi\\\\functions\",\"node_version\":\"12.16.1\"}"}}
[debug] [2020-12-24T08:49:03.281Z] [runtime-status] [11172] Disabled runtime features: undefined {"metadata":{"emulator":{"name":"functions"},"function":{"name":"api"},"message":"[runtime-status] [11172] Disabled runtime features: undefined"}}
[debug] [2020-12-24T08:49:03.329Z] [runtime-status] [11172] Resolved module firebase-admin {"declared":true,"installed":true,"version":"9.4.1","resolution":"F:\\dev\\osi-digi\\functions\\node_modules\\firebase-admin\\lib\\index.js"} {"metadata":{"emulator":{"name":"functions"},"function":{"name":"api"},"message":"[runtime-status] [11172] Resolved module firebase-admin {\"declared\":true,\"installed\":true,\"version\":\"9.4.1\",\"resolution\":\"F:\\\\dev\\\\osi-digi\\\\functions\\\\node_modules\\\\firebase-admin\\\\lib\\\\index.js\"}"}}
[debug] [2020-12-24T08:49:03.336Z] [runtime-status] [11172] Resolved module firebase-functions {"declared":true,"installed":true,"version":"3.12.0","resolution":"F:\\dev\\osi-digi\\functions\\node_modules\\firebase-functions\\lib\\index.js"} {"metadata":{"emulator":{"name":"functions"},"function":{"name":"api"},"message":"[runtime-status] [11172] Resolved module firebase-functions {\"declared\":true,\"installed\":true,\"version\":\"3.12.0\",\"resolution\":\"F:\\\\dev\\\\osi-digi\\\\functions\\\\node_modules\\\\firebase-functions\\\\lib\\\\index.js\"}"}}
[debug] [2020-12-24T08:49:03.340Z] [runtime-status] [11172] Resolved module firebase-functions {"declared":true,"installed":true,"version":"3.12.0","resolution":"F:\\dev\\osi-digi\\functions\\node_modules\\firebase-functions\\lib\\index.js"} {"metadata":{"emulator":{"name":"functions"},"function":{"name":"api"},"message":"[runtime-status] [11172] Resolved module firebase-functions {\"declared\":true,\"installed\":true,\"version\":\"3.12.0\",\"resolution\":\"F:\\\\dev\\\\osi-digi\\\\functions\\\\node_modules\\\\firebase-functions\\\\lib\\\\index.js\"}"}}
[debug] [2020-12-24T08:49:03.345Z] [runtime-status] [11172] Outgoing network have been stubbed. [{"name":"http","status":"mocked"},{"name":"http","status":"mocked"},{"name":"https","status":"mocked"},{"name":"https","status":"mocked"},{"name":"net","status":"mocked"}] {"metadata":{"emulator":{"name":"functions"},"function":{"name":"api"},"message":"[runtime-status] [11172] Outgoing network have been stubbed. [{\"name\":\"http\",\"status\":\"mocked\"},{\"name\":\"http\",\"status\":\"mocked\"},{\"name\":\"https\",\"status\":\"mocked\"},{\"name\":\"https\",\"status\":\"mocked\"},{\"name\":\"net\",\"status\":\"mocked\"}]"}}
[debug] [2020-12-24T08:49:03.347Z] [runtime-status] [11172] Resolved module firebase-functions {"declared":true,"installed":true,"version":"3.12.0","resolution":"F:\\dev\\osi-digi\\functions\\node_modules\\firebase-functions\\lib\\index.js"} {"metadata":{"emulator":{"name":"functions"},"function":{"name":"api"},"message":"[runtime-status] [11172] Resolved module firebase-functions {\"declared\":true,\"installed\":true,\"version\":\"3.12.0\",\"resolution\":\"F:\\\\dev\\\\osi-digi\\\\functions\\\\node_modules\\\\firebase-functions\\\\lib\\\\index.js\"}"}}
[debug] [2020-12-24T08:49:03.837Z] [runtime-status] [11172] Checked functions.config() {"config":{}} {"metadata":{"emulator":{"name":"functions"},"function":{"name":"api"},"message":"[runtime-status] [11172] Checked functions.config() {\"config\":{}}"}}
[debug] [2020-12-24T08:49:03.838Z] [runtime-status] [11172] firebase-functions has been stubbed. {"functionsResolution":{"declared":true,"installed":true,"version":"3.12.0","resolution":"F:\\dev\\osi-digi\\functions\\node_modules\\firebase-functions\\lib\\index.js"}} {"metadata":{"emulator":{"name":"functions"},"function":{"name":"api"},"message":"[runtime-status] [11172] firebase-functions has been stubbed. {\"functionsResolution\":{\"declared\":true,\"installed\":true,\"version\":\"3.12.0\",\"resolution\":\"F:\\\\dev\\\\osi-digi\\\\functions\\\\node_modules\\\\firebase-functions\\\\lib\\\\index.js\"}}"}}
[debug] [2020-12-24T08:49:03.840Z] [runtime-status] [11172] Resolved module firebase-functions {"declared":true,"installed":true,"version":"3.12.0","resolution":"F:\\dev\\osi-digi\\functions\\node_modules\\firebase-functions\\lib\\index.js"} {"metadata":{"emulator":{"name":"functions"},"function":{"name":"api"},"message":"[runtime-status] [11172] Resolved module firebase-functions {\"declared\":true,\"installed\":true,\"version\":\"3.12.0\",\"resolution\":\"F:\\\\dev\\\\osi-digi\\\\functions\\\\node_modules\\\\firebase-functions\\\\lib\\\\index.js\"}"}}
[debug] [2020-12-24T08:49:03.851Z] [runtime-status] [11172] Resolved module firebase-admin {"declared":true,"installed":true,"version":"9.4.1","resolution":"F:\\dev\\osi-digi\\functions\\node_modules\\firebase-admin\\lib\\index.js"} {"metadata":{"emulator":{"name":"functions"},"function":{"name":"api"},"message":"[runtime-status] [11172] Resolved module firebase-admin {\"declared\":true,\"installed\":true,\"version\":\"9.4.1\",\"resolution\":\"F:\\\\dev\\\\osi-digi\\\\functions\\\\node_modules\\\\firebase-admin\\\\lib\\\\index.js\"}"}}
[debug] [2020-12-24T08:49:03.853Z] [runtime-status] [11172] Resolved module firebase-functions {"declared":true,"installed":true,"version":"3.12.0","resolution":"F:\\dev\\osi-digi\\functions\\node_modules\\firebase-functions\\lib\\index.js"} {"metadata":{"emulator":{"name":"functions"},"function":{"name":"api"},"message":"[runtime-status] [11172] Resolved module firebase-functions {\"declared\":true,\"installed\":true,\"version\":\"3.12.0\",\"resolution\":\"F:\\\\dev\\\\osi-digi\\\\functions\\\\node_modules\\\\firebase-functions\\\\lib\\\\index.js\"}"}}
[debug] [2020-12-24T08:49:03.854Z] [runtime-status] [11172] firebase-admin has been stubbed. {"adminResolution":{"declared":true,"installed":true,"version":"9.4.1","resolution":"F:\\dev\\osi-digi\\functions\\node_modules\\firebase-admin\\lib\\index.js"}} {"metadata":{"emulator":{"name":"functions"},"function":{"name":"api"},"message":"[runtime-status] [11172] firebase-admin has been stubbed. {\"adminResolution\":{\"declared\":true,\"installed\":true,\"version\":\"9.4.1\",\"resolution\":\"F:\\\\dev\\\\osi-digi\\\\functions\\\\node_modules\\\\firebase-admin\\\\lib\\\\index.js\"}}"}}
[debug] [2020-12-24T08:49:05.930Z] [runtime-status] [11172] Trigger "api" has been found, beginning invocation! {"metadata":{"emulator":{"name":"functions"},"function":{"name":"api"},"message":"[runtime-status] [11172] Trigger \"api\" has been found, beginning invocation!"}}
[info] i  functions: Beginning execution of "api" {"metadata":{"emulator":{"name":"functions"},"function":{"name":"api"},"message":"Beginning execution of \"api\""}}
[debug] [2020-12-24T08:49:05.941Z] [runtime-status] [11172] triggerDefinition {"httpsTrigger":{},"name":"api","entryPoint":"api"} {"metadata":{"emulator":{"name":"functions"},"function":{"name":"api"},"message":"[runtime-status] [11172] triggerDefinition {\"httpsTrigger\":{},\"name\":\"api\",\"entryPoint\":\"api\"}"}}
[debug] [2020-12-24T08:49:05.942Z] [runtime-status] [11172] Running api in mode HTTPS {"metadata":{"emulator":{"name":"functions"},"function":{"name":"api"},"message":"[runtime-status] [11172] Running api in mode HTTPS"}}
[debug] [2020-12-24T08:49:05.953Z] [runtime-status] [11172] Attempting to listen to socketPath: \\?\pipe\F:\dev\osi-digi\functions\11172 {"metadata":{"emulator":{"name":"functions"},"function":{"name":"api"},"message":"[runtime-status] [11172] Attempting to listen to socketPath: \\\\?\\pipe\\F:\\dev\\osi-digi\\functions\\11172"}}
[debug] [2020-12-24T08:49:05.983Z] [functions] Runtime ready! Sending request! {"metadata":{"emulator":{"name":"functions"},"message":"[functions] Runtime ready! Sending request!"}}
[debug] [2020-12-24T08:49:06.017Z] [runtime-status] [11172] Ephemeral server handling POST request {"metadata":{"emulator":{"name":"functions"},"function":{"name":"api"},"message":"[runtime-status] [11172] Ephemeral server handling POST request"}}
[info] >  Payment request received for this amount>>>> 388900 {"user":"Payment request received for this amount>>>> 388900","metadata":{"emulator":{"name":"functions"},"function":{"name":"api"},"message":"\u001b[90m> \u001b[39m Payment request received for this amount>>>> 388900"}}
[debug] [2020-12-24T08:49:06.067Z] [runtime-status] [11172] Ephemeral server survived. {"metadata":{"emulator":{"name":"functions"},"function":{"name":"api"},"message":"[runtime-status] [11172] Ephemeral server survived."}}
[info] i  functions: Finished "api" in ~5s {"metadata":{"emulator":{"name":"functions"},"function":{"name":"api"},"message":"Finished \"api\" in ~5s"}}
[debug] [2020-12-24T08:49:10.964Z] [worker-api-5dc14063-74b9-4e81-b713-002ec2129b1d]: IDLE {"metadata":{"emulator":{"name":"functions"},"message":"[worker-api-5dc14063-74b9-4e81-b713-002ec2129b1d]: IDLE"}}
[debug] [2020-12-24T08:49:10.965Z] [work-queue] {"queueLength":0,"workRunningCount":0}
[debug] [2020-12-24T08:49:38.641Z] [work-queue] {"queueLength":1,"workRunningCount":0}
[debug] [2020-12-24T08:49:38.642Z] [work-queue] {"queueLength":0,"workRunningCount":1}
[debug] [2020-12-24T08:49:38.642Z] Accepted request POST /ins2-896a2/us-central1/api/payments/create?total=0 --> api
[debug] [2020-12-24T08:49:38.643Z] [worker-pool] submitWork(triggerId=api) {"metadata":{"emulator":{"name":"functions"},"message":"[worker-pool] submitWork(triggerId=api)"}}
[debug] [2020-12-24T08:49:38.644Z] [worker-api-5dc14063-74b9-4e81-b713-002ec2129b1d]: Assigning socketPath: \\?\pipe\F:\dev\osi-digi\functions\11172 {"metadata":{"emulator":{"name":"functions"},"message":"[worker-api-5dc14063-74b9-4e81-b713-002ec2129b1d]: Assigning socketPath: \\\\?\\pipe\\F:\\dev\\osi-digi\\functions\\11172"}}
[debug] [2020-12-24T08:49:38.644Z] [worker-api-5dc14063-74b9-4e81-b713-002ec2129b1d]: BUSY {"metadata":{"emulator":{"name":"functions"},"message":"[worker-api-5dc14063-74b9-4e81-b713-002ec2129b1d]: BUSY"}}
[debug] [2020-12-24T08:49:38.646Z] [runtime-status] [11172] Trigger "api" has been found, beginning invocation! {"metadata":{"emulator":{"name":"functions"},"function":{"name":"api"},"message":"[runtime-status] [11172] Trigger \"api\" has been found, beginning invocation!"}}
[info] i  functions: Beginning execution of "api" {"metadata":{"emulator":{"name":"functions"},"function":{"name":"api"},"message":"Beginning execution of \"api\""}}
[debug] [2020-12-24T08:49:38.650Z] [runtime-status] [11172] triggerDefinition {"httpsTrigger":{},"name":"api","entryPoint":"api"} {"metadata":{"emulator":{"name":"functions"},"function":{"name":"api"},"message":"[runtime-status] [11172] triggerDefinition {\"httpsTrigger\":{},\"name\":\"api\",\"entryPoint\":\"api\"}"}}
[debug] [2020-12-24T08:49:38.651Z] [runtime-status] [11172] Running api in mode HTTPS {"metadata":{"emulator":{"name":"functions"},"function":{"name":"api"},"message":"[runtime-status] [11172] Running api in mode HTTPS"}}
[debug] [2020-12-24T08:49:38.652Z] [runtime-status] [11172] Attempting to listen to socketPath: \\?\pipe\F:\dev\osi-digi\functions\11172 {"metadata":{"emulator":{"name":"functions"},"function":{"name":"api"},"message":"[runtime-status] [11172] Attempting to listen to socketPath: \\\\?\\pipe\\F:\\dev\\osi-digi\\functions\\11172"}}
[debug] [2020-12-24T08:49:38.655Z] [functions] Runtime ready! Sending request! {"metadata":{"emulator":{"name":"functions"},"message":"[functions] Runtime ready! Sending request!"}}
[debug] [2020-12-24T08:49:38.677Z] [runtime-status] [11172] Ephemeral server handling POST request {"metadata":{"emulator":{"name":"functions"},"function":{"name":"api"},"message":"[runtime-status] [11172] Ephemeral server handling POST request"}}
[debug] [2020-12-24T08:49:38.678Z] [runtime-status] [11172] Ephemeral server survived. {"metadata":{"emulator":{"name":"functions"},"function":{"name":"api"},"message":"[runtime-status] [11172] Ephemeral server survived."}}
[warn] !  functions: Your function timed out after ~60s. To configure this timeout, see
      https://firebase.google.com/docs/functions/manage-functions#set_timeout_and_memory_allocation. {"metadata":{"emulator":{"name":"functions"},"function":{"name":"api"},"message":"Your function timed out after ~60s. To configure this timeout, see\n      https://firebase.google.com/docs/functions/manage-functions#set_timeout_and_memory_allocation."}}
[info] >  C:\Users\sandy\AppData\Roaming\npm\node_modules\firebase-tools\lib\emulator\functionsEmulatorRuntime.js:668 {"user":"C:\\Users\\sandy\\AppData\\Roaming\\npm\\node_modules\\firebase-tools\\lib\\emulator\\functionsEmulatorRuntime.js:668\r","metadata":{"emulator":{"name":"functions"},"function":{"name":"api"},"message":"\u001b[90m> \u001b[39m C:\\Users\\sandy\\AppData\\Roaming\\npm\\node_modules\\firebase-tools\\lib\\emulator\\functionsEmulatorRuntime.js:668\r"}}
[info] >                  throw new Error("Function timed out."); {"user":"                throw new Error(\"Function timed out.\");\r","metadata":{"emulator":{"name":"functions"},"function":{"name":"api"},"message":"\u001b[90m> \u001b[39m                 throw new Error(\"Function timed out.\");\r"}}
[info] >                  ^ {"user":"                ^\r","metadata":{"emulator":{"name":"functions"},"function":{"name":"api"},"message":"\u001b[90m> \u001b[39m                 ^\r"}}
[info] >   {"user":"\r","metadata":{"emulator":{"name":"functions"},"function":{"name":"api"},"message":"\u001b[90m> \u001b[39m \r"}}
[info] >  Error: Function timed out. {"user":"Error: Function timed out.\r","metadata":{"emulator":{"name":"functions"},"function":{"name":"api"},"message":"\u001b[90m> \u001b[39m Error: Function timed out.\r"}}
[info] >      at Timeout._onTimeout (C:\Users\sandy\AppData\Roaming\npm\node_modules\firebase-tools\lib\emulator\functionsEmulatorRuntime.js:668:23) {"user":"    at Timeout._onTimeout (C:\\Users\\sandy\\AppData\\Roaming\\npm\\node_modules\\firebase-tools\\lib\\emulator\\functionsEmulatorRuntime.js:668:23)\r","metadata":{"emulator":{"name":"functions"},"function":{"name":"api"},"message":"\u001b[90m> \u001b[39m     at Timeout._onTimeout (C:\\Users\\sandy\\AppData\\Roaming\\npm\\node_modules\\firebase-tools\\lib\\emulator\\functionsEmulatorRuntime.js:668:23)\r"}}
[info] >      at listOnTimeout (internal/timers.js:549:17) {"user":"    at listOnTimeout (internal/timers.js:549:17)\r","metadata":{"emulator":{"name":"functions"},"function":{"name":"api"},"message":"\u001b[90m> \u001b[39m     at listOnTimeout (internal/timers.js:549:17)\r"}}
[info] >      at processTimers (internal/timers.js:492:7) {"user":"    at processTimers (internal/timers.js:492:7)\r","metadata":{"emulator":{"name":"functions"},"function":{"name":"api"},"message":"\u001b[90m> \u001b[39m     at processTimers (internal/timers.js:492:7)\r"}}
[debug] [2020-12-24T08:50:38.803Z] [worker-api-5dc14063-74b9-4e81-b713-002ec2129b1d]: exited {"metadata":{"emulator":{"name":"functions"},"message":"[worker-api-5dc14063-74b9-4e81-b713-002ec2129b1d]: exited"}}
[debug] [2020-12-24T08:50:38.803Z] [worker-api-5dc14063-74b9-4e81-b713-002ec2129b1d]: FINISHED {"metadata":{"emulator":{"name":"functions"},"message":"[worker-api-5dc14063-74b9-4e81-b713-002ec2129b1d]: FINISHED"}}
[debug] [2020-12-24T08:50:38.804Z] [work-queue] {"queueLength":0,"workRunningCount":0}
